[    0.000000] Linux version 4.15.0-180-generic (buildd@lcy02-amd64-097) (gcc version 7.5.0 (Ubuntu 7.5.0-3ubuntu1~18.04)) #189-Ubuntu SMP Wed May 18 14:13:57 UTC 2022 (Ubuntu 4.15.0-180.189-generic 4.15.18)
[    0.000000] Command line: BOOT_IMAGE=/boot/vmlinuz-4.15.0-180-generic root=UUID=11205c88-03d5-4e05-bcc5-44ce83df9060 ro console=tty1 console=ttyS0
[    0.000000] KERNEL supported cpus:
[    0.000000]   Intel GenuineIntel
[    0.000000]   AMD AuthenticAMD
[    0.000000]   Centaur CentaurHauls
[    0.000000] x86/fpu: Supporting XSAVE feature 0x001: 'x87 floating point registers'
[    0.000000] x86/fpu: Supporting XSAVE feature 0x002: 'SSE registers'
[    0.000000] x86/fpu: Supporting XSAVE feature 0x004: 'AVX registers'
[    0.000000] x86/fpu: xstate_offset[2]:  576, xstate_sizes[2]:  256
[    0.000000] x86/fpu: Enabled xstate features 0x7, context size is 832 bytes, using 'standard' format.
[    0.000000] e820: BIOS-provided physical RAM map:
[    0.000000] BIOS-e820: [mem 0x0000000000000000-0x000000000009fbff] usable
[    0.000000] BIOS-e820: [mem 0x000000000009fc00-0x000000000009ffff] reserved
[    0.000000] BIOS-e820: [mem 0x00000000000f0000-0x00000000000fffff] reserved
[    0.000000] BIOS-e820: [mem 0x0000000000100000-0x000000003ffeffff] usable
[    0.000000] BIOS-e820: [mem 0x000000003fff0000-0x000000003fffffff] ACPI data
[    0.000000] BIOS-e820: [mem 0x00000000fec00000-0x00000000fec00fff] reserved
[    0.000000] BIOS-e820: [mem 0x00000000fee00000-0x00000000fee00fff] reserved
[    0.000000] BIOS-e820: [mem 0x00000000fffc0000-0x00000000ffffffff] reserved
[    0.000000] NX (Execute Disable) protection: active
[    0.000000] SMBIOS 2.5 present.
[    0.000000] DMI: innotek GmbH VirtualBox/VirtualBox, BIOS VirtualBox 12/01/2006
[    0.000000] Hypervisor detected: KVM
[    0.000000] e820: last_pfn = 0x3fff0 max_arch_pfn = 0x400000000
[    0.000000] MTRR: Disabled
[    0.000000] x86/PAT: MTRRs disabled, skipping PAT initialization too.
[    0.000000] CPU MTRRs all blank - virtualized system.
[    0.000000] x86/PAT: Configuration [0-7]: WB  WT  UC- UC  WB  WT  UC- UC  
[    0.000000] found SMP MP-table at [mem 0x0009fff0-0x0009ffff]
[    0.000000] Scanning 1 areas for low memory corruption
[    0.000000] RAMDISK: [mem 0x3581b000-0x36c04fff]
[    0.000000] ACPI: Early table checksum verification disabled
[    0.000000] ACPI: RSDP 0x00000000000E0000 000024 (v02 VBOX  )
[    0.000000] ACPI: XSDT 0x000000003FFF0030 00003C (v01 VBOX   VBOXXSDT 00000001 ASL  00000061)
[    0.000000] ACPI: FACP 0x000000003FFF00F0 0000F4 (v04 VBOX   VBOXFACP 00000001 ASL  00000061)
[    0.000000] ACPI: DSDT 0x000000003FFF0470 002325 (v02 VBOX   VBOXBIOS 00000002 INTL 20200925)
[    0.000000] ACPI: FACS 0x000000003FFF0200 000040
[    0.000000] ACPI: FACS 0x000000003FFF0200 000040
[    0.000000] ACPI: APIC 0x000000003FFF0240 000054 (v02 VBOX   VBOXAPIC 00000001 ASL  00000061)
[    0.000000] ACPI: SSDT 0x000000003FFF02A0 0001CC (v01 VBOX   VBOXCPUT 00000002 INTL 20200925)
[    0.000000] ACPI: Reserving FACP table memory at [mem 0x3fff00f0-0x3fff01e3]
[    0.000000] ACPI: Reserving DSDT table memory at [mem 0x3fff0470-0x3fff2794]
[    0.000000] ACPI: Reserving FACS table memory at [mem 0x3fff0200-0x3fff023f]
[    0.000000] ACPI: Reserving FACS table memory at [mem 0x3fff0200-0x3fff023f]
[    0.000000] ACPI: Reserving APIC table memory at [mem 0x3fff0240-0x3fff0293]
[    0.000000] ACPI: Reserving SSDT table memory at [mem 0x3fff02a0-0x3fff046b]
[    0.000000] No NUMA configuration found
[    0.000000] Faking a node at [mem 0x0000000000000000-0x000000003ffeffff]
[    0.000000] NODE_DATA(0) allocated [mem 0x3ffc5000-0x3ffeffff]
[    0.000000] kvm-clock: cpu 0, msr 0:3ff44001, primary cpu clock
[    0.000000] kvm-clock: Using msrs 4b564d01 and 4b564d00
[    0.000000] kvm-clock: using sched offset of 3175696542 cycles
[    0.000000] clocksource: kvm-clock: mask: 0xffffffffffffffff max_cycles: 0x1cd42e4dffb, max_idle_ns: 881590591483 ns
[    0.000000] Zone ranges:
[    0.000000]   DMA      [mem 0x0000000000001000-0x0000000000ffffff]
[    0.000000]   DMA32    [mem 0x0000000001000000-0x000000003ffeffff]
[    0.000000]   Normal   empty
[    0.000000]   Device   empty
[    0.000000] Movable zone start for each node
[    0.000000] Early memory node ranges
[    0.000000]   node   0: [mem 0x0000000000001000-0x000000000009efff]
[    0.000000]   node   0: [mem 0x0000000000100000-0x000000003ffeffff]
[    0.000000] Reserved but unavailable: 104 pages
[    0.000000] Initmem setup node 0 [mem 0x0000000000001000-0x000000003ffeffff]
[    0.000000] ACPI: PM-Timer IO Port: 0x4008
[    0.000000] IOAPIC[0]: apic_id 1, version 32, address 0xfec00000, GSI 0-23
[    0.000000] ACPI: INT_SRC_OVR (bus 0 bus_irq 0 global_irq 2 dfl dfl)
[    0.000000] ACPI: INT_SRC_OVR (bus 0 bus_irq 9 global_irq 9 low level)
[    0.000000] Using ACPI (MADT) for SMP configuration information
[    0.000000] smpboot: Allowing 1 CPUs, 0 hotplug CPUs
[    0.000000] PM: Registered nosave memory: [mem 0x00000000-0x00000fff]
[    0.000000] PM: Registered nosave memory: [mem 0x0009f000-0x0009ffff]
[    0.000000] PM: Registered nosave memory: [mem 0x000a0000-0x000effff]
[    0.000000] PM: Registered nosave memory: [mem 0x000f0000-0x000fffff]
[    0.000000] e820: [mem 0x40000000-0xfebfffff] available for PCI devices
[    0.000000] Booting paravirtualized kernel on KVM
[    0.000000] clocksource: refined-jiffies: mask: 0xffffffff max_cycles: 0xffffffff, max_idle_ns: 7645519600211568 ns
[    0.000000] random: get_random_bytes called from start_kernel+0x99/0x500 with crng_init=0
[    0.000000] setup_percpu: NR_CPUS:8192 nr_cpumask_bits:1 nr_cpu_ids:1 nr_node_ids:1
[    0.000000] percpu: Embedded 50 pages/cpu s167936 r8192 d28672 u2097152
[    0.000000] PV qspinlock hash table entries: 256 (order: 0, 4096 bytes)
[    0.000000] Built 1 zonelists, mobility grouping on.  Total pages: 257913
[    0.000000] Policy zone: DMA32
[    0.000000] Kernel command line: BOOT_IMAGE=/boot/vmlinuz-4.15.0-180-generic root=UUID=11205c88-03d5-4e05-bcc5-44ce83df9060 ro console=tty1 console=ttyS0
[    0.000000] Memory: 981984K/1048120K available (12300K kernel code, 2484K rwdata, 4324K rodata, 2468K init, 2724K bss, 66136K reserved, 0K cma-reserved)
[    0.000000] SLUB: HWalign=64, Order=0-3, MinObjects=0, CPUs=1, Nodes=1
[    0.000000] Kernel/User page tables isolation: enabled
[    0.000000] ftrace: allocating 39507 entries in 155 pages
[    0.004000] Hierarchical RCU implementation.
[    0.004000] 	RCU restricting CPUs from NR_CPUS=8192 to nr_cpu_ids=1.
[    0.004000] 	Tasks RCU enabled.
[    0.004000] RCU: Adjusting geometry for rcu_fanout_leaf=16, nr_cpu_ids=1
[    0.004000] NR_IRQS: 524544, nr_irqs: 256, preallocated irqs: 16
[    0.004000] Console: colour VGA+ 80x25
[    0.004000] console [tty1] enabled
[    0.004000] console [ttyS0] enabled
[    0.004000] ACPI: Core revision 20170831
[    0.004000] ACPI: 2 ACPI AML tables successfully acquired and loaded
[    0.004000] APIC: Switch to symmetric I/O mode setup
[    0.004000] x2apic enabled
[    0.004000] Switched APIC routing to physical x2apic.
[    0.004000] ..TIMER: vector=0x30 apic1=0 pin1=2 apic2=-1 pin2=-1
[    0.004000] tsc: Detected 1992.005 MHz processor
[    0.004000] Calibrating delay loop (skipped) preset value.. 3984.01 BogoMIPS (lpj=7968020)
[    0.005073] pid_max: default: 32768 minimum: 301
[    0.005630] Security Framework initialized
[    0.006128] Yama: becoming mindful.
[    0.006573] AppArmor: AppArmor initialized
[    0.008102] Dentry cache hash table entries: 131072 (order: 8, 1048576 bytes)
[    0.009010] Inode-cache hash table entries: 65536 (order: 7, 524288 bytes)
[    0.009827] Mount-cache hash table entries: 2048 (order: 2, 16384 bytes)
[    0.010622] Mountpoint-cache hash table entries: 2048 (order: 2, 16384 bytes)
[    0.011813] process: using mwait in idle threads
[    0.012007] Last level iTLB entries: 4KB 64, 2MB 8, 4MB 8
[    0.012732] Last level dTLB entries: 4KB 64, 2MB 0, 4MB 0, 1GB 4
[    0.013422] Spectre V1 : Mitigation: usercopy/swapgs barriers and __user pointer sanitization
[    0.014430] Spectre V2 : Mitigation: Retpolines
[    0.014966] Spectre V2 : Spectre v2 / SpectreRSB mitigation: Filling RSB on context switch
[    0.016001] Speculative Store Bypass: Vulnerable
[    0.016580] SRBDS: Unknown: Dependent on hypervisor status
[    0.017216] MDS: Mitigation: Clear CPU buffers
[    0.028975] Freeing SMP alternatives memory: 36K
[    0.139873] smpboot: CPU0: Intel(R) Core(TM) i7-8565U CPU @ 1.80GHz (family: 0x6, model: 0x8e, stepping: 0xc)
[    0.140000] Performance Events: unsupported p6 CPU model 142 no PMU driver, software events only.
[    0.140000] Hierarchical SRCU implementation.
[    0.140000] NMI watchdog: Perf event create on CPU 0 failed with -2
[    0.140000] NMI watchdog: Perf NMI watchdog permanently disabled
[    0.140025] smp: Bringing up secondary CPUs ...
[    0.140586] smp: Brought up 1 node, 1 CPU
[    0.141067] smpboot: Max logical packages: 1
[    0.141615] smpboot: Total of 1 processors activated (3984.01 BogoMIPS)
[    0.142465] devtmpfs: initialized
[    0.142985] x86/mm: Memory block size: 128MB
[    0.144123] evm: security.selinux
[    0.144589] evm: security.SMACK64
[    0.145016] evm: security.SMACK64EXEC
[    0.145461] evm: security.SMACK64TRANSMUTE
[    0.145964] evm: security.SMACK64MMAP
[    0.146412] evm: security.apparmor
[    0.146829] evm: security.ima
[    0.147263] evm: security.capability
[    0.148071] clocksource: jiffies: mask: 0xffffffff max_cycles: 0xffffffff, max_idle_ns: 7645041785100000 ns
[    0.149235] futex hash table entries: 256 (order: 2, 16384 bytes)
[    0.149980] pinctrl core: initialized pinctrl subsystem
[    0.150670] RTC time: 21:08:43, date: 05/26/22
[    0.151286] NET: Registered protocol family 16
[    0.151860] audit: initializing netlink subsys (disabled)
[    0.152131] cpuidle: using governor ladder
[    0.152623] cpuidle: using governor menu
[    0.153141] ACPI: bus type PCI registered
[    0.153644] acpiphp: ACPI Hot Plug PCI Controller Driver version: 0.5
[    0.154433] PCI: Using configuration type 1 for base access
[    0.155118] audit: type=2000 audit(1653599328.485:1): state=initialized audit_enabled=0 res=1
[    0.156684] HugeTLB registered 2.00 MiB page size, pre-allocated 0 pages
[    0.158055] ACPI: Added _OSI(Module Device)
[    0.158582] ACPI: Added _OSI(Processor Device)
[    0.159106] ACPI: Added _OSI(3.0 _SCP Extensions)
[    0.160003] ACPI: Added _OSI(Processor Aggregator Device)
[    0.160635] ACPI: Added _OSI(Linux-Dell-Video)
[    0.161164] ACPI: Added _OSI(Linux-Lenovo-NV-HDMI-Audio)
[    0.161792] ACPI: Added _OSI(Linux-HPI-Hybrid-Graphics)
[    0.162614] ACPI: Executed 1 blocks of module-level executable AML code
[    0.166059] ACPI: Interpreter enabled
[    0.166543] ACPI: (supports S0 S5)
[    0.166976] ACPI: Using IOAPIC for interrupt routing
[    0.167713] PCI: Using host bridge windows from ACPI; if necessary, use "pci=nocrs" and report a bug
[    0.168119] ACPI: Enabled 2 GPEs in block 00 to 07
[    0.173400] ACPI: PCI Root Bridge [PCI0] (domain 0000 [bus 00-ff])
[    0.174180] acpi PNP0A03:00: _OSC: OS supports [ASPM ClockPM Segments MSI]
[    0.175288] acpi PNP0A03:00: _OSC: not requesting OS control; OS requires [ExtendedConfig ASPM ClockPM MSI]
[    0.176008] acpi PNP0A03:00: fail to add MMCONFIG information, can't access extended PCI configuration space under this bridge.
[    0.177536] PCI host bridge to bus 0000:00
[    0.178032] pci_bus 0000:00: root bus resource [io  0x0000-0x0cf7 window]
[    0.178802] pci_bus 0000:00: root bus resource [io  0x0d00-0xffff window]
[    0.179608] pci_bus 0000:00: root bus resource [mem 0x000a0000-0x000bffff window]
[    0.180002] pci_bus 0000:00: root bus resource [mem 0x40000000-0xfdffffff window]
[    0.180881] pci_bus 0000:00: root bus resource [bus 00-ff]
[    0.184011] pci 0000:00:01.1: legacy IDE quirk: reg 0x10: [io  0x01f0-0x01f7]
[    0.184873] pci 0000:00:01.1: legacy IDE quirk: reg 0x14: [io  0x03f6]
[    0.185631] pci 0000:00:01.1: legacy IDE quirk: reg 0x18: [io  0x0170-0x0177]
[    0.186432] pci 0000:00:01.1: legacy IDE quirk: reg 0x1c: [io  0x0376]
[    0.196710] pci 0000:00:07.0: quirk: [io  0x4000-0x403f] claimed by PIIX4 ACPI
[    0.197624] pci 0000:00:07.0: quirk: [io  0x4100-0x410f] claimed by PIIX4 SMB
[    0.203292] ACPI: PCI Interrupt Link [LNKA] (IRQs 5 9 10 *11)
[    0.204126] ACPI: PCI Interrupt Link [LNKB] (IRQs 5 9 *10 11)
[    0.204928] ACPI: PCI Interrupt Link [LNKC] (IRQs 5 *9 10 11)
[    0.205692] ACPI: PCI Interrupt Link [LNKD] (IRQs 5 9 10 *11)
[    0.206623] SCSI subsystem initialized
[    0.207190] pci 0000:00:02.0: vgaarb: setting as boot VGA device
[    0.207897] pci 0000:00:02.0: vgaarb: VGA device added: decodes=io+mem,owns=io+mem,locks=none
[    0.208002] pci 0000:00:02.0: vgaarb: bridge control possible
[    0.208723] vgaarb: loaded
[    0.209098] ACPI: bus type USB registered
[    0.209606] usbcore: registered new interface driver usbfs
[    0.210267] usbcore: registered new interface driver hub
[    0.210892] usbcore: registered new device driver usb
[    0.212037] EDAC MC: Ver: 3.0.0
[    0.212631] PCI: Using ACPI for IRQ routing
[    0.213369] NetLabel: Initializing
[    0.213813] NetLabel:  domain hash size = 128
[    0.214330] NetLabel:  protocols = UNLABELED CIPSOv4 CALIPSO
[    0.214994] NetLabel:  unlabeled traffic allowed by default
[    0.216058] clocksource: Switched to clocksource kvm-clock
[    0.224986] VFS: Disk quotas dquot_6.6.0
[    0.225596] VFS: Dquot-cache hash table entries: 512 (order 0, 4096 bytes)
[    0.226459] AppArmor: AppArmor Filesystem Enabled
[    0.227052] pnp: PnP ACPI init
[    0.228195] pnp: PnP ACPI: found 3 devices
[    0.233888] clocksource: acpi_pm: mask: 0xffffff max_cycles: 0xffffff, max_idle_ns: 2085701024 ns
[    0.234954] NET: Registered protocol family 2
[    0.235511] IP idents hash table entries: 16384 (order: 5, 131072 bytes)
[    0.236518] TCP established hash table entries: 8192 (order: 4, 65536 bytes)
[    0.237421] TCP bind hash table entries: 8192 (order: 5, 131072 bytes)
[    0.238189] TCP: Hash tables configured (established 8192 bind 8192)
[    0.238951] UDP hash table entries: 512 (order: 2, 16384 bytes)
[    0.239648] UDP-Lite hash table entries: 512 (order: 2, 16384 bytes)
[    0.240434] NET: Registered protocol family 1
[    0.240963] pci 0000:00:00.0: Limiting direct PCI/PCI transfers
[    0.241731] pci 0000:00:01.0: Activating ISA DMA hang workarounds
[    0.242461] pci 0000:00:02.0: Video device with shadowed ROM at [mem 0x000c0000-0x000dffff]
[    0.243484] Unpacking initramfs...
[    0.474824] Freeing initrd memory: 20392K
[    0.475540] clocksource: tsc: mask: 0xffffffffffffffff max_cycles: 0x396d5b41a85, max_idle_ns: 881590480540 ns
[    0.476859] platform rtc_cmos: registered platform RTC device (no PNP device found)
[    0.477780] Scanning for low memory corruption every 60 seconds
[    0.478888] Initialise system trusted keyrings
[    0.479430] Key type blacklist registered
[    0.479994] workingset: timestamp_bits=36 max_order=18 bucket_order=0
[    0.481489] zbud: loaded
[    0.482226] squashfs: version 4.0 (2009/01/31) Phillip Lougher
[    0.482968] fuse init (API version 7.26)
[    0.483956] Key type asymmetric registered
[    0.484517] Asymmetric key parser 'x509' registered
[    0.485174] Block layer SCSI generic (bsg) driver version 0.4 loaded (major 246)
[    0.486115] io scheduler noop registered
[    0.486611] io scheduler deadline registered
[    0.487154] io scheduler cfq registered (default)
[    0.487873] ACPI: AC Adapter [AC] (on-line)
[    0.488491] input: Power Button as /devices/LNXSYSTM:00/LNXPWRBN:00/input/input0
[    0.489364] ACPI: Power Button [PWRF]
[    0.489904] input: Sleep Button as /devices/LNXSYSTM:00/LNXSLPBN:00/input/input1
[    0.490773] ACPI: Sleep Button [SLPF]
[    0.491787] ACPI: Battery Slot [BAT0] (battery present)
[    0.492497] Serial: 8250/16550 driver, 32 ports, IRQ sharing enabled
[    0.513707] 00:02: ttyS0 at I/O 0x3f8 (irq = 4, base_baud = 115200) is a 16550A
[    0.515368] Linux agpgart interface v0.103
[    0.516583] loop: module loaded
[    0.517345] scsi host0: ata_piix
[    0.517814] scsi host1: ata_piix
[    0.518292] ata1: PATA max UDMA/33 cmd 0x1f0 ctl 0x3f6 bmdma 0xd000 irq 14
[    0.519067] ata2: PATA max UDMA/33 cmd 0x170 ctl 0x376 bmdma 0xd008 irq 15
[    0.520204] tun: Universal TUN/TAP device driver, 1.6
[    0.520869] PPP generic driver version 2.4.2
[    0.521474] ehci_hcd: USB 2.0 'Enhanced' Host Controller (EHCI) Driver
[    0.522225] ehci-pci: EHCI PCI platform driver
[    0.522843] ehci-platform: EHCI generic platform driver
[    0.523529] ohci_hcd: USB 1.1 'Open' Host Controller (OHCI) Driver
[    0.524257] ohci-pci: OHCI PCI platform driver
[    0.524827] ohci-platform: OHCI generic platform driver
[    0.525442] uhci_hcd: USB Universal Host Controller Interface driver
[    0.526196] i8042: PNP: PS/2 Controller [PNP0303:PS2K,PNP0f03:PS2M] at 0x60,0x64 irq 1,12
[    0.527537] serio: i8042 KBD port at 0x60,0x64 irq 1
[    0.528211] serio: i8042 AUX port at 0x60,0x64 irq 12
[    0.528841] mousedev: PS/2 mouse device common for all mice
[    0.529649] input: AT Translated Set 2 keyboard as /devices/platform/i8042/serio0/input/input2
[    0.530899] rtc_cmos rtc_cmos: rtc core: registered rtc_cmos as rtc0
[    0.531680] rtc_cmos rtc_cmos: alarms up to one day, 114 bytes nvram
[    0.532456] i2c /dev entries driver
[    0.532938] device-mapper: uevent: version 1.0.3
[    0.533549] device-mapper: ioctl: 4.37.0-ioctl (2017-09-20) initialised: dm-devel@redhat.com
[    0.534568] ledtrig-cpu: registered to indicate activity on CPUs
[    0.535358] intel_pmc_core:  initialized
[    0.535983] NET: Registered protocol family 10
[    0.538787] Segment Routing with IPv6
[    0.539252] NET: Registered protocol family 17
[    0.539802] Key type dns_resolver registered
[    0.540399] mce: Using 0 MCE banks
[    0.540898] RAS: Correctable Errors collector initialized.
[    0.541543] sched_clock: Marking stable (540338368, 0)->(657659461, -117321093)
[    0.542498] registered taskstats version 1
[    0.543015] Loading compiled-in X.509 certificates
[    0.545055] Loaded X.509 cert 'Build time autogenerated kernel key: 5b165579d658a5808005e73a2425cc20635793b1'
[    0.546630] Loaded X.509 cert 'Canonical Ltd. Live Patch Signing: 14df34d1a87cf37625abec039ef2bf521249b969'
[    0.548163] Loaded X.509 cert 'Canonical Ltd. Kernel Module Signing: 88f752e560a1e0737e31163a466ad7b70a850c19'
[    0.549337] blacklist: Loading compiled-in revocation X.509 certificates
[    0.550165] Loaded X.509 cert 'Canonical Ltd. Secure Boot Signing: 61482aa2830d0ab2ad5af10b7250da9033ddcef0'
[    0.551302] zswap: loaded using pool lzo/zbud
[    0.553778] Key type big_key registered
[    0.554302] Key type trusted registered
[    0.555757] Key type encrypted registered
[    0.556288] AppArmor: AppArmor sha1 policy hashing enabled
[    0.556953] ima: No TPM chip found, activating TPM-bypass! (rc=-19)
[    0.557672] ima: Allocated hash algorithm: sha1
[    0.558239] evm: HMAC attrs: 0x1
[    0.558809]   Magic number: 6:242:147
[    0.559388] pci 0000:00:14.0: hash matches
[    0.559926] rtc_cmos rtc_cmos: setting system clock to 2022-05-26 21:08:43 UTC (1653599323)
[    0.560991] BIOS EDD facility v0.16 2004-Jun-25, 0 devices found
[    0.561725] EDD information not available.
[    0.712854] Freeing unused kernel image memory: 2468K
[    0.720064] Write protecting the kernel read-only data: 20480k
[    0.722391] Freeing unused kernel image memory: 2008K
[    0.724250] Freeing unused kernel image memory: 1820K
[    0.736524] x86/mm: Checked W+X mappings: passed, no W+X pages found.
[    0.737666] x86/mm: Checking user space page tables
[    0.746186] x86/mm: Checked W+X mappings: passed, no W+X pages found.
Loading, please wait...
starting version 237
[    0.841814] e1000: Intel(R) PRO/1000 Network Driver - version 7.3.21-k8-NAPI
[    0.842795] e1000: Copyright (c) 1999-2006 Intel Corporation.
[    0.848580] Fusion MPT base driver 3.04.20
[    0.849212] Copyright (c) 1999-2008 LSI Corporation
[    0.856187] Fusion MPT SPI Host driver 3.04.20
[    0.867863] AVX2 version of gcm_enc/dec engaged.
[    0.868519] AES CTR mode by8 optimization enabled
[    1.059996] input: ImExPS/2 Generic Explorer Mouse as /devices/platform/i8042/serio1/input/input4
[    1.210984] e1000 0000:00:03.0 eth0: (PCI:33MHz:32-bit) 02:50:97:ae:47:44
[    1.211833] e1000 0000:00:03.0 eth0: Intel(R) PRO/1000 Network Connection
[    1.213267] mptbase: ioc0: Initiating bringup
[    1.308196] ioc0: LSI53C1030 A0: Capabilities={Initiator}
[    1.548947] scsi host2: ioc0: LSI53C1030 A0, FwRev=00000000h, Ports=1, MaxQ=256, IRQ=20
[    1.717206] scsi 2:0:0:0: Direct-Access     VBOX     HARDDISK         1.0  PQ: 0 ANSI: 5
[    1.727976] scsi target2:0:0: Beginning Domain Validation
[    1.735128] scsi target2:0:0: Domain Validation skipping write tests
[    1.739837] scsi target2:0:0: Ending Domain Validation
[    1.745012] scsi target2:0:0: asynchronous
[    1.749656] scsi 2:0:1:0: Direct-Access     VBOX     HARDDISK         1.0  PQ: 0 ANSI: 5
[    1.753635] scsi target2:0:1: Beginning Domain Validation
[    1.755884] random: fast init done
[    1.758173] scsi target2:0:1: Domain Validation skipping write tests
[    1.760234] scsi target2:0:1: Ending Domain Validation
[    1.770524] scsi target2:0:1: asynchronous
[    1.867298] sd 2:0:0:0: Attached scsi generic sg0 type 0
[    1.868857] sd 2:0:0:0: [sda] 83886080 512-byte logical blocks: (42.9 GB/40.0 GiB)
[    1.870035] sd 2:0:0:0: [sda] Write Protect is off
[    1.870826] sd 2:0:0:0: [sda] Incomplete mode parameter data
[    1.871683] sd 2:0:0:0: [sda] Assuming drive cache: write through
[    1.872727] random: systemd-udevd: uninitialized urandom read (16 bytes read)
[    1.873801] random: systemd-udevd: uninitialized urandom read (16 bytes read)
[    1.874860] random: systemd-udevd: uninitialized urandom read (16 bytes read)
[    1.876255] sd 2:0:1:0: [sdb] 20480 512-byte logical blocks: (10.5 MB/10.0 MiB)
[    1.877472] sd 2:0:1:0: [sdb] Write Protect is off
[    1.878265] sd 2:0:1:0: [sdb] Incomplete mode parameter data
[    1.879126] sd 2:0:1:0: [sdb] Assuming drive cache: write through
[    1.880094] sd 2:0:1:0: Attached scsi generic sg1 type 0
[    1.889761]  sda: sda1
[    1.890520] sd 2:0:0:0: [sda] Attached SCSI disk
[    1.891475] sd 2:0:1:0: [sdb] Attached SCSI disk
[    2.107578] e1000 0000:00:08.0 eth1: (PCI:33MHz:32-bit) 08:00:27:4d:af:37
[    2.108775] e1000 0000:00:08.0 eth1: Intel(R) PRO/1000 Network Connection
[    2.110765] e1000 0000:00:08.0 enp0s8: renamed from eth1
[    2.112683] e1000 0000:00:03.0 enp0s3: renamed from eth0
Begin: Loading essential drivers ... [    3.465043] raid6: sse2x1   gen() 14795 MB/s
[    3.538782] raid6: sse2x1   xor() 10680 MB/s
[    3.602983] raid6: sse2x2   gen() 17849 MB/s
[    3.667128] raid6: sse2x2   xor() 11946 MB/s
[    3.732048] raid6: sse2x4   gen() 18570 MB/s
[    3.796706] raid6: sse2x4   xor() 11373 MB/s
[    3.861110] raid6: avx2x1   gen() 28764 MB/s
[    3.915055] raid6: avx2x1   xor() 17586 MB/s
[    3.978783] raid6: avx2x2   gen() 34101 MB/s
[    4.042656] raid6: avx2x2   xor() 23033 MB/s
[    4.106330] raid6: avx2x4   gen() 37667 MB/s
[    4.171526] raid6: avx2x4   xor() 22531 MB/s
[    4.172228] raid6: using algorithm avx2x4 gen() 37667 MB/s
[    4.172989] raid6: .... xor() 22531 MB/s, rmw enabled
[    4.173701] raid6: using avx2x2 recovery algorithm
[    4.175678] xor: automatically using best checksumming function   avx       
[    4.177815] async_tx: api initialized (async)
done.
Begin: Running /scripts/init-premount ... done.
Begin: Mounting root file system ... Begin: Running /scripts/local-top ... done.
Begin: Running /scripts/local-premount ... [    4.221754] Btrfs loaded, crc32c=crc32c-intel
Scanning for Btrfs filesystems
done.
Begin: Will now check root file system ... fsck from util-linux 2.31.1
[/sbin/fsck.ext4 (1) -- /dev/sda1] fsck.ext4 -a -C0 /dev/sda1 
cloudimg-rootfs: clean, 170285/5120000 files, 1116510/10485499 blocks
done.
[    4.261872] EXT4-fs (sda1): mounted filesystem with ordered data mode. Opts: (null)
done.
Begin: Running /scripts/local-bottom ... done.
Begin: Running /scripts/init-bottom ... done.
[    4.460943] ip_tables: (C) 2000-2006 Netfilter Core Team
[    4.469788] systemd[1]: systemd 237 running in system mode. (+PAM +AUDIT +SELINUX +IMA +APPARMOR +SMACK +SYSVINIT +UTMP +LIBCRYPTSETUP +GCRYPT +GNUTLS +ACL +XZ +LZ4 +SECCOMP +BLKID +ELFUTILS +KMOD -IDN2 +IDN -PCRE2 default-hierarchy=hybrid)
[    4.472808] systemd[1]: Detected virtualization oracle.
[    4.473567] systemd[1]: Detected architecture x86-64.

Welcome to [1mUbuntu 18.04.6 LTS[0m!

[    4.476869] systemd[1]: Set hostname to <ubuntu-bionic>.
[    4.746030] systemd[1]: Reached target User and Group Name Lookups.
[[0;32m  OK  [0m] Reached target User and Group Name Lookups.
[    4.747847] systemd[1]: Started Forward Password Requests to Wall Directory Watch.
[[0;32m  OK  [0m] Started Forward Password Requests to Wall Directory Watch.
[    4.749859] systemd[1]: Reached target Swap.
[[0;32m  OK  [0m] Reached target Swap.
[    4.751393] systemd[1]: Created slice System Slice.
[[0;32m  OK  [0m] Created slice System Slice.
[    4.752819] systemd[1]: Listening on udev Control Socket.
[[0;32m  OK  [0m] Listening on udev Control Socket.
[    4.754227] systemd[1]: Listening on LVM2 metadata daemon socket.
[[0;32m  OK  [0m] Listening on LVM2 metadata daemon socket.
[[0;32m  OK  [0m] Listening on LVM2 poll daemon socket.
[[0;32m  OK  [0m] Listening on Journal Socket.
         Starting Load Kernel Modules...
         Mounting POSIX Message Queue File System...
[[0;32m  OK  [0m[    4.800502] Loading iSCSI transport class v2.0-870.
] Listening on Device-mapper event daemon FIFOs.
         Starting Monitoring of LVM2 mirrors…ng dmeventd or progress polling...
[[0;32m  OK  [0m] Listening on /dev/initctl Compatibility Named Pipe.
[[0;32m  OK  [0m] Listening on Journal Audit Socket.
[[0;32m  OK  [0m] Created slice system-serial\x2dgetty.slice.
         Mounting Kernel Debug File System...
[[0;32m  OK  [0m] Listening on Network Service Netlink Socket.
[[0;32m  OK  [0m] Listening on fsck to fsckd communication Socket.
         Starting Remount Root and Kernel File Systems...
         Mounting Huge Pages File System...
[[0;32m  OK  [0m] Reached target System Time Synchronized.
         Starting Set the console keyboard layout...
[[0;32m  OK  [0m] Listening on Syslog Socket.
[[0;32m  OK  [0m] Listening on Journal Socket (/dev/log).
         Starting Journal Service...
         Starting Create list of required st…ce nodes for the current kernel...
[    4.843034] iscsi: registered transport (tcp)
[[0;32m  OK  [0m] Set up automount Arbitrary Executab…rmats File System Automount Point.
         Starting Uncomplicated firewall...
[[0;32m  OK  [0m] Created slice User and Session Slice.
[[0;32m  OK  [0m] Reached target Slices.
[[0;32m  OK  [0m] Listening on udev Kernel Socket.
         Starting udev Coldplug all Devices...
[[0;32m  OK  [0m] Mounted POSIX Message Queue File System.
[[0;32m  OK  [0m] Mounted Kernel Debug File System.
[[0;32m  OK  [0m] Mounted Huge Pages File System.
[[0;32m  OK  [0m] Started Create list of required sta…vice nodes for the current kernel.
[[0;32m  OK  [0m] Started LVM2 metadata daemon.
         Starting Create Static Device Nodes in /dev...
[    4.917495] EXT4-fs (sda1): re-mounted. Opts: (null)
[[0;32m  OK  [0m] Started Remount Root and Kernel File Systems.
         Starting Load/Save Random Seed...
[[0;32m  OK  [0m] Started Journal Service.
[[0;32m  OK  [0m] Started Uncomplicated firewall.
[[0;32m  OK  [0m] Started Create Static Device Nodes in /dev.
[[0;32m  OK  [0m] Started udev Coldplug all Devices.
         Starting udev Kernel Device Manager...
         Starting Flush Journal to Persistent Storage...
[[0;32m  OK  [0m] Started Monitoring of LVM2 mirrors,…sing dmeventd or progress polling.
[    4.998210] iscsi: registered transport (iser)
[[0;32m  OK  [0m] Started Load Kernel Modules.
[[0;32m  OK  [0m] Started Load/Save Random Seed.
         Mounting FUSE Control File System...
         Mounting Kernel Configuration File System...
         Starting Apply Kernel Variables...
[[0;32m  OK  [0m] Mounted FUSE Control File System.
[[0;32m  OK  [0m] Mounted Kernel Configuration File System.
[    5.037842] systemd-journald[419]: Received request to flush runtime journal from PID 1
[[0;32m  OK  [0m] Started udev Kernel Device Manager.
[[0;32m  OK  [0m] Started Apply Kernel Variables.
[[0;32m  OK  [0m] Started Set the console keyboard layout.
[[0;32m  OK  [0m] Started Dispatch Password Requests to Console Directory Watch.
[[0;32m  OK  [0m] Reached target Local Encrypted Volumes.
[[0;32m  OK  [0m] Reached target Local File Systems (Pre).
[[0;32m  OK  [0m] Reached target Local File Systems.
         Starting AppArmor initialization...
         Starting Tell Plymouth To Write Out Runtime Data...
         Starting Set console font and keymap...
         Starting ebtables ruleset management...
[[0;32m  OK  [0m] Started Flush Journal to Persistent Storage.
         Starting Create Volatile Files and Directories...
[[0;32m  OK  [0m] Started Tell Plymouth To Write Out Runtime Data.
[[0;32m  OK  [0m] Started Set console font and keymap.
[[0;32m  OK  [0m] Started Create Volatile Files and Directories.
         Starting Update UTMP about System Boot/Shutdown...
[[0;32m  OK  [0m] Started Update UTMP about System Boot/Shutdown.
[[0;32m  OK  [0m] Started ebtables ruleset management.
[[0;32m  OK  [0m] Found device /dev/ttyS0.
[[0;32m  OK  [0m] Listening on Load/Save RF Kill Switch Status /dev/rfkill Watch.
[[0;32m  OK  [0m] Started AppArmor initialization.
         Starting Load AppArmor profiles managed internally by snapd...
         Starting Initial cloud-init job (pre-networking)...
[[0;32m  OK  [0m] Started Load AppArmor profiles managed internally by snapd.
[    6.601397] cloud-init[561]: Cloud-init v. 22.1-14-g2e17a0d6-0ubuntu1~18.04.3 running 'init-local' at Thu, 26 May 2022 21:08:49 +0000. Up 6.46 seconds.
[[0;32m  OK  [0m] Started Initial cloud-init job (pre-networking).
[[0;32m  OK  [0m] Reached target Network (Pre).
         Starting Network Service...
[[0;32m  OK  [0m] Started Network Service.
         Starting Network Name Resolution...
         Starting Wait for Network to be Configured...
[[0;32m  OK  [0m] Started Network Name Resolution.
[[0;32m  OK  [0m] Reached target Network.
[[0;32m  OK  [0m] Reached target Host and Network Name Lookups.
[[0;32m  OK  [0m] Started Wait for Network to be Configured.
         Starting Initial cloud-init job (metadata service crawler)...
[    9.126718] cloud-init[657]: Cloud-init v. 22.1-14-g2e17a0d6-0ubuntu1~18.04.3 running 'init' at Thu, 26 May 2022 21:08:51 +0000. Up 8.97 seconds.
[    9.128024] cloud-init[657]: ci-info: ++++++++++++++++++++++++++++++++++++++Net device info+++++++++++++++++++++++++++++++++++++++
[    9.129723] cloud-init[657]: ci-info: +--------+------+-----------------------------+---------------+--------+-------------------+
[    9.131096] cloud-init[657]: ci-info: | Device |  Up  |           Address           |      Mask     | Scope  |     Hw-Address    |
[    9.133811] cloud-init[657]: ci-info: +--------+------+-----------------------------+---------------+--------+-------------------+
[    9.136170] cloud-init[657]: ci-info: | enp0s3 | True |          10.0.2.15          | 255.255.255.0 | global | 02:50:97:ae:47:44 |
[    9.139019] cloud-init[657]: ci-info: | enp0s3 | True |  fe80::50:97ff:feae:4744/64 |       .       |  link  | 02:50:97:ae:47:44 |
[    9.140143] cloud-init[657]: ci-info: | enp0s8 | True |         192.168.1.2         | 255.255.255.0 | global | 08:00:27:4d:af:37 |
[    9.143460] cloud-init[657]: ci-info: | enp0s8 | True | fe80::a00:27ff:fe4d:af37/64 |       .       |  link  | 08:00:27:4d:af:37 |
[    9.144402] cloud-init[657]: ci-info: |   lo   | True |          127.0.0.1          |   255.0.0.0   |  host  |         .         |
[    9.145457] cloud-init[657]: ci-info: |   lo   | True |           ::1/128           |       .       |  host  |         .         |
[    9.146658] cloud-init[657]: ci-info: +--------+------+-----------------------------+---------------+--------+-------------------+
[    9.147776] cloud-init[657]: ci-info: ++++++++++++++++++++++++++++++Route IPv4 info++++++++++++++++++++++++++++++
[    9.152054] cloud-init[657]: ci-info: +-------+-------------+-------------+-----------------+-----------+-------+
[    9.153049] cloud-init[657]: ci-info: | Route | Destination |   Gateway   |     Genmask     | Interface | Flags |
[    9.153953] cloud-init[657]: ci-info: +-------+-------------+-------------+-----------------+-----------+-------+
[    9.156224] cloud-init[657]: ci-info: |   0   |   0.0.0.0   |   10.0.2.2  |     0.0.0.0     |   enp0s3  |   UG  |
[    9.157269] cloud-init[657]: ci-info: |   1   |   0.0.0.0   | 192.168.1.1 |     0.0.0.0     |   enp0s8  |   UG  |
[    9.157964] cloud-init[657]: ci-info: |   2   |   10.0.2.0  |   0.0.0.0   |  255.255.255.0  |   enp0s3  |   U   |
[    9.158877] cloud-init[657]: ci-info: |   3   |   10.0.2.2  |   0.0.0.0   | 255.255.255.255 |   enp0s3  |   UH  |
[    9.160799] cloud-init[657]: ci-info: |   4   | 192.168.1.0 |   0.0.0.0   |  255.255.255.0  |   enp0s8  |   U   |
[    9.161883] cloud-init[657]: ci-info: |   5   | 192.168.1.1 |   0.0.0.0   | 255.255.255.255 |   enp0s8  |   UH  |
[    9.162832] cloud-init[657]: ci-info: +-------+-------------+-------------+-----------------+-----------+-------+
[    9.163754] cloud-init[657]: ci-info: +++++++++++++++++++Route IPv6 info+++++++++++++++++++
[    9.164752] cloud-init[657]: ci-info: +-------+-------------+---------+-----------+-------+
[    9.167374] cloud-init[657]: ci-info: | Route | Destination | Gateway | Interface | Flags |
[    9.168175] cloud-init[657]: ci-info: +-------+-------------+---------+-----------+-------+
[    9.171177] cloud-init[657]: ci-info: |   1   |  fe80::/64  |    ::   |   enp0s8  |   U   |
[    9.172000] cloud-init[657]: ci-info: |   2   |  fe80::/64  |    ::   |   enp0s3  |   U   |
[    9.174181] cloud-init[657]: ci-info: |   4   |    local    |    ::   |   enp0s3  |   U   |
[    9.174914] cloud-init[657]: ci-info: |   5   |    local    |    ::   |   enp0s8  |   U   |
[    9.176164] cloud-init[657]: ci-info: |   6   |   ff00::/8  |    ::   |   enp0s8  |   U   |
[    9.178356] cloud-init[657]: ci-info: |   7   |   ff00::/8  |    ::   |   enp0s3  |   U   |
[    9.179082] cloud-init[657]: ci-info: +-------+-------------+---------+-----------+-------+
[[0;32m  OK  [0m] Started Initial cloud-init job (metadata service crawler).
[[0;32m  OK  [0m] Reached target System Initialization.
[[0;32m  OK  [0m] Started Daily Cleanup of Temporary Directories.
[[0;32m  OK  [0m] Started Clean PHP session files every 30 mins.
[[0;32m  OK  [0m] Started Discard unused blocks once a week.
[[0;32m  OK  [0m] Started ACPI Events Check.
[[0;32m  OK  [0m] Started Message of the Day.
[[0;32m  OK  [0m] Listening on ACPID Listen Socket.
[[0;32m  OK  [0m] Started Ubuntu Advantage Timer for running repeated jobs.
[[0;32m  OK  [0m] Started Trigger to poll for Ubuntu …(Only enabled on GCP LTS non-pro).
[[0;32m  OK  [0m] Listening on Open-iSCSI iscsid Socket.
[[0;32m  OK  [0m] Listening on D-Bus System Message Bus Socket.
[[0;32m  OK  [0m] Listening on UUID daemon activation socket.
         Starting Socket activation for snappy daemon.
         Starting LXD - unix socket.
[[0;32m  OK  [0m] Listening on cloud-init hotplug hook socket.
[[0;32m  OK  [0m] Started Daily apt download activities.
[[0;32m  OK  [0m] Started Daily apt upgrade and clean activities.
[[0;32m  OK  [0m] Reached target Timers.
[[0;32m  OK  [0m] Reached target Paths.
[[0;32m  OK  [0m] Reached target Network is Online.
[[0;32m  OK  [0m] Reached target Remote File Systems (Pre).
[[0;32m  OK  [0m] Reached target Remote File Systems.
         Starting Availability of block devices...
[[0;32m  OK  [0m] Reached target Cloud-config availability.
[[0;32m  OK  [0m] Listening on Socket activation for snappy daemon.
[[0;32m  OK  [0m] Listening on LXD - unix socket.
[[0;32m  OK  [0m] Reached target Sockets.
[[0;32m  OK  [0m] Reached target Basic System.
         Starting Permit User Sessions...
[[0;32m  OK  [0m] Started Deferred execution scheduler.
         Starting Virtualbox guest utils...
         Starting System Logging Service...
         Starting Snap Daemon...
         Starting MySQL Community Server...
         Starting The Apache HTTP Server...
[[0;32m  OK  [0m] Started FUSE filesystem for LXC.
         Starting Dispatcher daemon for systemd-networkd...
         Starting Login Service...
         Starting The PHP 8.1 FastCGI Process Manager...
[[0;32m  OK  [0m] Started irqbalance daemon.
[[0;32m  OK  [0m] Started Regular background program processing daemon.
         Starting LXD - container startup/shutdown...
         Starting LSB: automatic crash report generation...
         Starting Accounts Service...
         Starting Advanced key-value store...
[[0;32m  OK  [0m] Started D-Bus System Message Bus.
[[0;32m  OK  [0m] Started Login Service.
[[0;32m  OK  [0m] Started Unattended Upgrades Shutdown.
         Starting OpenBSD Secure Shell server...
         Starting LSB: Record successful boot for GRUB...
[[0;32m  OK  [0m] Started System Logging Service.
[[0;32m  OK  [0m] Started Dispatcher daemon for systemd-networkd.
[[0;32m  OK  [0m] Started Availability of block devices.
[[0;32m  OK  [0m] Started Permit User Sessions.
[[0;32m  OK  [0m] Started LXD - container startup/shutdown.
[[0;32m  OK  [0m] Started Advanced key-value store.
         Starting Authorization Manager...
         Starting Hold until boot process finishes up...
         Starting Terminate Plymouth Boot Screen...
[[0;32m  OK  [0m] Started Hold until boot process finishes up.
         Starting Set console scheme...
[[0;32m  OK  [0m] Started Serial Getty on ttyS0.
[[0;32m  OK  [0m] Started Terminate Plymouth Boot Screen.
[[0;32m  OK  [0m] Started OpenBSD Secure Shell server.
[[0;32m  OK  [0m] Started LSB: automatic crash report generation.
[[0;32m  OK  [0m] Started Authorization Manager.
[[0;32m  OK  [0m] Started Accounts Service.
[[0;32m  OK  [0m] Started Set console scheme.
[[0;32m  OK  [0m] Created slice system-getty.slice.
[[0;32m  OK  [0m] Started Getty on tty1.
[[0;32m  OK  [0m] Reached target Login Prompts.
[[0;32m  OK  [0m] Started The Apache HTTP Server.
[[0;32m  OK  [0m] Started LSB: Record successful boot for GRUB.
[[0;32m  OK  [0m] Started Virtualbox guest utils.
[[0;32m  OK  [0m] Started Snap Daemon.
         Starting Wait until snapd is fully seeded...
         Starting Time & Date Service...
[[0;32m  OK  [0m] Started Time & Date Service.
[[0;32m  OK  [0m] Started The PHP 8.1 FastCGI Process Manager.
[[0;32m  OK  [0m] Started Wait until snapd is fully seeded.
         Starting Apply the settings specified in cloud-config...
[[0;32m  OK  [0m] Started MySQL Community Server.
[[0;32m  OK  [0m] Reached target Multi-User System.
[[0;32m  OK  [0m] Reached target Graphical Interface.
         Starting Update UTMP about System Runlevel Changes...
[[0;32m  OK  [0m] Started Update UTMP about System Runlevel Changes.
[   11.796503] cloud-init[1155]: Cloud-init v. 22.1-14-g2e17a0d6-0ubuntu1~18.04.3 running 'modules:config' at Thu, 26 May 2022 21:08:54 +0000. Up 11.70 seconds.
[[0;32m  OK  [0m] Started Apply the settings specified in cloud-config.
         Starting Execute cloud user/final scripts...
[   12.338865] cloud-init[1221]: Cloud-init v. 22.1-14-g2e17a0d6-0ubuntu1~18.04.3 running 'modules:final' at Thu, 26 May 2022 21:08:55 +0000. Up 12.20 seconds.
[   12.341456] cloud-init[1221]: Cloud-init v. 22.1-14-g2e17a0d6-0ubuntu1~18.04.3 finished at Thu, 26 May 2022 21:08:55 +0000. Datasource DataSourceNoCloud [seed=/dev/sdb][dsmode=net].  Up 12.32 seconds
[[0;32m  OK  [0m] Started Execute cloud user/final scripts.
[[0;32m  OK  [0m] Reached target Cloud-init target.

Ubuntu 18.04.6 LTS ubuntu-bionic ttyS0

ubuntu-bionic login: [[0;32m  OK  [0m] Stopped Unattended Upgrades Shutdown.
[[0;32m  OK  [0m] Closed Load/Save RF Kill Switch Status /dev/rfkill Watch.
         Stopping Availability of block devices...
         Stopping User Manager for UID 1000...
         Stopping Authorization Manager...
[[0;32m  OK  [0m] Stopped target Cloud-init target.
[[0;32m  OK  [0m] Stopped target Timers.
[[0;32m  OK  [0m] Stopped Daily apt upgrade and clean activities.
[[0;32m  OK  [0m] Stopped Daily apt download activities.
[[0;32m  OK  [0m] Stopped Daily Cleanup of Temporary Directories.
[[0;32m  OK  [0m] Stopped Discard unused blocks once a week.
[[0;32m  OK  [0m] Stopped Ubuntu Advantage Timer for running repeated jobs.
[[0;32m  OK  [0m] Stopped target Graphical Interface.
         Stopping Accounts Service...
[[0;32m  OK  [0m] Stopped Message of the Day.
         Stopping Session 6 of user vagrant.
[[0;32m  OK  [0m] Stopped Clean PHP session files every 30 mins.
[[0;32m  OK  [0m] Stopped target System Time Synchronized.
[[0;32m  OK  [0m] Stopped Execute cloud user/final scripts.
[[0;32m  OK  [0m] Stopped target Multi-User System.
         Stopping Virtualbox guest utils...
         Stopping LSB: automatic crash report generation...
[[0;32m  OK  [0m] Stopped target Login Prompts.
         Stopping Getty on tty1...
         Stopping The Apache HTTP Server...
         Stopping Deferred execution scheduler...
         Stopping Regular background program processing daemon...
         Stopping MySQL Community Server...
         Stopping Advanced key-value store...
         Stopping System Logging Service...
         Stopping OpenBSD Secure Shell server...
         Stopping Dispatcher daemon for systemd-networkd...
         Stopping LSB: Record successful boot for GRUB...
         Stopping D-Bus System Message Bus...
         Stopping FUSE filesystem for LXC...
         Stopping LXD - container startup/shutdown...
[[0;32m  OK  [0m] Stopped Apply the settings specified in cloud-config.
[[0;32m  OK  [0m] Stopped target Network is Online.
[[0;32m  OK  [0m] Stopped Wait until snapd is fully seeded.
[[0;32m  OK  [0m] Stopped target Cloud-config availability.
         Stopping The PHP 8.1 FastCGI Process Manager...
         Stopping Serial Getty on ttyS0...
[[0;32m  OK  [0m] Unmounted /var/lib/lxcfs.
[[0;32m  OK  [0m] Stopped Deferred execution scheduler.
[[0;32m  OK  [0m] Stopped System Logging Service.
[[0;32m  OK  [0m] Stopped Dispatcher daemon for systemd-networkd.
[[0;32m  OK  [0m] Stopped Regular background program processing daemon.
[[0;32m  OK  [0m] Stopped Accounts Service.
[[0;32m  OK  [0m] Stopped OpenBSD Secure Shell server.
[[0;32m  OK  [0m] Stopped Authorization Manager.
[[0;32m  OK  [0m] Stopped Serial Getty on ttyS0.
[[0;32m  OK  [0m] Stopped Getty on tty1.
[[0;32m  OK  [0m] Stopped User Manager for UID 1000.
[[0;32m  OK  [0m] Stopped D-Bus System Message Bus.
[[0;32m  OK  [0m] Stopped FUSE filesystem for LXC.
[[0;32m  OK  [0m] Stopped Session 6 of user vagrant.
[[0;32m  OK  [0m] Stopped The PHP 8.1 FastCGI Process Manager.
[[0;32m  OK  [0m] Removed slice User Slice of vagrant.
         Stopping Login Service...
[[0;32m  OK  [0m] Removed slice system-getty.slice.
         Stopping Permit User Sessions...
[[0;32m  OK  [0m] Removed slice system-serial\x2dgetty.slice.
[[0;32m  OK  [0m] Stopped Login Service.
[[0;32m  OK  [0m] Stopped Availability of block devices.
[[0;32m  OK  [0m] Stopped LXD - container startup/shutdown.
[[0;32m  OK  [0m] Stopped LSB: Record successful boot for GRUB.
[[0;32m  OK  [0m] Stopped Permit User Sessions.
[[0;32m  OK  [0m] Stopped target User and Group Name Lookups.
[[0;32m  OK  [0m] Stopped LSB: automatic crash report generation.
[[0;32m  OK  [0m] Stopped Virtualbox guest utils.
[[0;32m  OK  [0m] Stopped Advanced key-value store.
[[0;32m  OK  [0m] Stopped The Apache HTTP Server.
[[0;32m  OK  [0m] Stopped target Host and Network Name Lookups.
[[0;32m  OK  [0m] Stopped target Remote File Systems.
[[0;32m  OK  [0m] Stopped target Remote File Systems (Pre).
[[0;32m  OK  [0m] Stopped MySQL Community Server.
[[0;32m  OK  [0m] Stopped target Network.
         Stopping Network Name Resolution...
[[0;32m  OK  [0m] Stopped target Basic System.
[[0;32m  OK  [0m] Stopped target Paths.
[[0;32m  OK  [0m] Stopped ACPI Events Check.
[[0;32m  OK  [0m] Stopped Trigger to poll for Ubuntu …(Only enabled on GCP LTS non-pro).
[[0;32m  OK  [0m] Stopped target Sockets.
[[0;32m  OK  [0m] Closed UUID daemon activation socket.
[[0;32m  OK  [0m] Closed D-Bus System Message Bus Socket.
[[0;32m  OK  [0m] Closed cloud-init hotplug hook socket.
[[0;32m  OK  [0m] Closed LXD - unix socket.
[[0;32m  OK  [0m] Closed Syslog Socket.
[[0;32m  OK  [0m] Closed ACPID Listen Socket.
[[0;32m  OK  [0m] Closed Open-iSCSI iscsid Socket.
[[0;32m  OK  [0m] Closed Socket activation for snappy daemon.
[[0;32m  OK  [0m] Stopped target Slices.
[[0;32m  OK  [0m] Removed slice User and Session Slice.
[[0;32m  OK  [0m] Stopped target System Initialization.
         Stopping Update UTMP about System Boot/Shutdown...
[[0;32m  OK  [0m] Stopped target Local Encrypted Volumes.
[[0;32m  OK  [0m] Stopped Forward Password Requests to Wall Directory Watch.
[[0;32m  OK  [0m] Stopped Dispatch Password Requests to Console Directory Watch.
[[0;32m  OK  [0m] Stopped Initial cloud-init job (metadata service crawler).
[[0;32m  OK  [0m] Stopped Wait for Network to be Configured.
         Stopping Load/Save Random Seed...
[[0;32m  OK  [0m] Stopped Network Name Resolution.
         Stopping Network Service...
[[0;32m  OK  [0m] Stopped Update UTMP about System Boot/Shutdown.
[[0;32m  OK  [0m] Stopped Create Volatile Files and Directories.
[[0;32m  OK  [0m] Stopped target Local File Systems.
         Unmounting /run/user/1000...
[[0;32m  OK  [0m] Unmounted /run/user/1000.
[[0;32m  OK  [0m] Reached target Unmount All Filesystems.
[[0;32m  OK  [0m] Stopped target Local File Systems (Pre).
         Stopping Monitoring of LVM2 mirrors…ng dmeventd or progress polling...
[[0;32m  OK  [0m] Stopped Create Static Device Nodes in /dev.
[[0;32m  OK  [0m] Stopped target Swap.
[[0;32m  OK  [0m] Stopped Load/Save Random Seed.
[[0;32m  OK  [0m] Stopped Monitoring of LVM2 mirrors,…sing dmeventd or progress polling.
         Stopping LVM2 metadata daemon...
[[0;32m  OK  [0m] Stopped LVM2 metadata daemon.
[[0;32m  OK  [0m] Stopped Network Service.
[[0;32m  OK  [0m] Stopped target Network (Pre).
[[0;32m  OK  [0m] Stopped Initial cloud-init job (pre-networking).
[[0;32m  OK  [0m] Stopped Remount Root and Kernel File Systems.
[[0;32m  OK  [0m] Stopped Apply Kernel Variables.
[[0;32m  OK  [0m] Stopped Load Kernel Modules.
[[0;32m  OK  [0m] Reached target Shutdown.
[[0;32m  OK  [0m] Reached target Final Step.
         Starting Power-Off...
[  122.148939] reboot: Power down
